c:\users\muyun\desktop\rubbishprogram\dx12studyproject\dx12studyproject\x64\debug\vc143.pdb
c:\users\muyun\desktop\rubbishprogram\dx12studyproject\dx12studyproject\x64\debug\vc143.idb
c:\users\muyun\desktop\rubbishprogram\dx12studyproject\dx12studyproject\x64\debug\windows.obj
c:\users\muyun\desktop\rubbishprogram\dx12studyproject\dx12studyproject\x64\debug\dxapp.obj
f:\steam\gameoverlayrenderer.log
c:\users\muyun\desktop\rubbishprogram\dx12studyproject\dx12studyproject\x64\debug\gametimer.obj
c:\users\muyun\desktop\rubbishprogram\dx12studyproject\dx12studyproject\x64\debug\myapp.obj
c:\users\muyun\desktop\rubbishprogram\dx12studyproject\dx12studyproject\x64\debug\main.obj
c:\users\muyun\desktop\rubbishprogram\dx12studyproject\dx12studyproject\x64\debug\dxbase.obj
c:\users\muyun\desktop\rubbishprogram\dx12studyproject\x64\debug\dx12studyproject.exe
c:\users\muyun\desktop\rubbishprogram\dx12studyproject\dx12studyproject\x64\debug\dx12studyproject.ilk
c:\users\muyun\desktop\rubbishprogram\dx12studyproject\x64\debug\dx12studyproject.pdb
c:\users\muyun\desktop\rubbishprogram\dx12studyproject\dx12studyproject\x64\debug\app.obj
c:\users\muyun\desktop\rubbishprogram\dx12studyproject\dx12studyproject\x64\debug\dx12studyproject.tlog\cl.command.1.tlog
c:\users\muyun\desktop\rubbishprogram\dx12studyproject\dx12studyproject\x64\debug\dx12studyproject.tlog\cl.items.tlog
c:\users\muyun\desktop\rubbishprogram\dx12studyproject\dx12studyproject\x64\debug\dx12studyproject.tlog\cl.read.1.tlog
c:\users\muyun\desktop\rubbishprogram\dx12studyproject\dx12studyproject\x64\debug\dx12studyproject.tlog\cl.write.1.tlog
c:\users\muyun\desktop\rubbishprogram\dx12studyproject\dx12studyproject\x64\debug\dx12studyproject.tlog\fxc.command.1.tlog
c:\users\muyun\desktop\rubbishprogram\dx12studyproject\dx12studyproject\x64\debug\dx12studyproject.tlog\fxc.read.1.tlog
c:\users\muyun\desktop\rubbishprogram\dx12studyproject\dx12studyproject\x64\debug\dx12studyproject.tlog\link.command.1.tlog
c:\users\muyun\desktop\rubbishprogram\dx12studyproject\dx12studyproject\x64\debug\dx12studyproject.tlog\link.read.1.tlog
c:\users\muyun\desktop\rubbishprogram\dx12studyproject\dx12studyproject\x64\debug\dx12studyproject.tlog\link.write.1.tlog
